app/build/intermediates/manifest_merge_blame_file/debug/manifest-merger-blame-debug-report.txt
1<?xml version="1.0" encoding="utf-8"?>
2<manifest xmlns:android="http://schemas.android.com/apk/res/android"
3    package="zhook.aohoc.bridge.platform.andr"
4    platformBuildVersionCode="23"
5    platformBuildVersionName="6.0-2438415"
6    android:compileSdkVersion="23"
7    android:compileSdkVersionCodename="6.0-2438415"
8    android:versionCode="70"
9    android:versionName="0.70" >
10
11    <uses-sdk
11-->src/main/AndroidManifest.xml:4:5-42
12        android:minSdkVersion="3"
12-->src/main/AndroidManifest.xml:4:15-40
13        android:targetSdkVersion="30" />
13-->src/main/AndroidManifest.xml:4:5-42
14
15    <uses-permission android:name="android.permission.READ_PHONE_STATE" />
15-->src/main/AndroidManifest.xml:13:5-74
15-->src/main/AndroidManifest.xml:13:22-72
16    <uses-permission android:name="android.permission.INTERNET" />
16-->src/main/AndroidManifest.xml:14:5-66
16-->src/main/AndroidManifest.xml:14:22-64
17
18    <application
18-->src/main/AndroidManifest.xml:5:5-12:19
19        android:debuggable="true"
20        android:hardwareAccelerated="false"
20-->src/main/AndroidManifest.xml:5:81-116
21        android:icon="@drawable/icon"
21-->src/main/AndroidManifest.xml:5:51-80
22        android:label="@string/app_name"
22-->src/main/AndroidManifest.xml:5:18-50
23        android:testOnly="true" >
24        <activity
24-->src/main/AndroidManifest.xml:6:9-11:20
25            android:name="zhook.aohoc.bridge.platform.andr.AOHOActivity"
25-->src/main/AndroidManifest.xml:6:52-112
26            android:configChanges="orientation|keyboardHidden"
26-->src/main/AndroidManifest.xml:6:182-232
27            android:label="@string/app_name"
27-->src/main/AndroidManifest.xml:6:19-51
28            android:launchMode="singleTask"
28-->src/main/AndroidManifest.xml:6:113-144
29            android:screenOrientation="portrait" >
29-->src/main/AndroidManifest.xml:6:145-181
30            <intent-filter>
30-->src/main/AndroidManifest.xml:7:13-10:29
31                <action android:name="android.intent.action.MAIN" />
31-->src/main/AndroidManifest.xml:8:17-68
31-->src/main/AndroidManifest.xml:8:25-66
32
33                <category android:name="android.intent.category.LAUNCHER" />
33-->src/main/AndroidManifest.xml:9:17-76
33-->src/main/AndroidManifest.xml:9:27-74
34            </intent-filter>
35        </activity>
36    </application>
37
38</manifest>